# This file was automatically created by FeynRules 2.3.49
# Mathematica version: 12.3.1 for Microsoft Windows (64-bit) (June 24, 2021)
# Date: Wed 19 Oct 2022 16:33:19


# 
# This is the logfile for the model cxSM_VLF_QCD

# Authors: T.-K. Chen
# Model version: 1.0
# Checking the Quantum numbers
   * Electric charge defined.
# Checking the Lagrangians
   * All Lagrangians are ok.
#
# Particle definitions
#

   * No particles removed. All particles correspond to GenInt setup.

# Automatically assigned PDG numbers
   * Assigned PDG number 9000001 to particle ghA
   * Assigned PDG number 9000002 to particle ghZ
   * Assigned PDG number 9000003 to particle ghWp
   * Assigned PDG number 9000004 to particle ghWm


# Compulsory PDG codes:
   * Class SM leptons complete.
   * Class SM neutrinos complete.
   * Class SM quarks complete.
   * Class SM gauge bosons complete.
#
# Parameter definitions
#

   * Parameter theta13 has no value. Default value 1 assigned.
   * Parameter R11 has no value. Default value 1 assigned.
   * Parameter R12 has no value. Default value 1 assigned.
   * Parameter R13 has no value. Default value 1 assigned.
   * Parameter R21 has no value. Default value 1 assigned.
   * Parameter R22 has no value. Default value 1 assigned.
   * Parameter R23 has no value. Default value 1 assigned.
   * Parameter R31 has no value. Default value 1 assigned.
   * Parameter R32 has no value. Default value 1 assigned.
   * Parameter R33 has no value. Default value 1 assigned.


# Vertices
   * Calling FeynmanRules for 1 Lagrangians.
   * Number of classes vertices: 259
   * Number of flavored vertices: 279
   * Saved vertices in InterfaceRun[ 1 ].
   * Checked QNumber conservation.
      - Quantum number GhostNumber conserved in all vertices.
      - Quantum number LeptonNumber conserved in all vertices.
      - Quantum number Q conserved in all vertices.
      - Quantum number Y conserved in all vertices.
   * particles.py written.
   * parameters.py written.
#
# Vertex definitions
#

   * 255 vertices written.
   * vertices.py written.
#
# Lorentz structure definitions
#

   * 40 lorentz structures written.
   * lorentz.py written.
#
# Coupling definitions
#

   * 232 couplings written.
   * couplings.py written.
#
# Coupling order definitions
#

   * 0 couplings orders written.
   * coupling_orders.py written.
#
# Decay definitions
#

   * 14 decays written.
   * decay.py not written
#
# CTCoupling definitions
#

   * 432 CTcouplings written.
   * CT_couplings.py written.
#
# CTVertex definitions
#

   * 159 CTvertices written.
   * CT_vertices.py written.
